<?xml version="1.0" encoding="UTF-8"?>
<testsuite name="Spek" tests="3" skipped="0" failures="0" errors="0" time="0.012" hostname="Eugenes-MacBook-Pro.local" timestamp="2017-05-19T20:28:32">
<properties>
[...]
</properties>
<testcase name="it should construct a simple css" classname="given a css builder" time="0.006">
<system-out><![CDATA[
unique-id: [engine:spek]/[spec:CssBuilderSpec]/[group:given a css builder]/[test:it should construct a simple css]
display-name: it should construct a simple css
]]></system-out>
</testcase>
<testcase name="it should construct css with a nested element" classname="given a css builder" time="0.001">
<system-out><![CDATA[
unique-id: [engine:spek]/[spec:CssBuilderSpec]/[group:given a css builder]/[test:it should construct css with a nested element]
display-name: it should construct css with a nested element
]]></system-out>
</testcase>
<testcase name="it should construct css with nested elements and advanced properties" classname="given a css builder" time="0.001">
<system-out><![CDATA[
unique-id: [engine:spek]/[spec:CssBuilderSpec]/[group:given a css builder]/[test:it should construct css with nested elements and advanced properties]
display-name: it should construct css with nested elements and advanced properties
]]></system-out>
</testcase>
<system-out><![CDATA[
unique-id: [engine:spek]
display-name: Spek
]]></system-out>
</testsuite>
