<?xml version="1.0" encoding="UTF-8"?>
<testsuite name="Spek" tests="2" skipped="0" failures="0" errors="0" time="0.008" hostname="cv-598tj32" timestamp="2017-05-18T12:41:09">
<properties>
[...]
</properties>
<testcase name="it should construct a simple css" classname="given a css builder" time="0.005">
<system-out><![CDATA[
unique-id: [engine:spek]/[spec:CssBuilderSpec]/[group:given a css builder]/[test:it should construct a simple css]
display-name: it should construct a simple css
]]></system-out>
</testcase>
<testcase name="it should construct css with nested elements" classname="given a css builder" time="0">
<system-out><![CDATA[
unique-id: [engine:spek]/[spec:CssBuilderSpec]/[group:given a css builder]/[test:it should construct css with nested elements]
display-name: it should construct css with nested elements
]]></system-out>
</testcase>
<system-out><![CDATA[
unique-id: [engine:spek]
display-name: Spek
]]></system-out>
</testsuite>
